String: mic
microphone mike mic 

String: do
bash do brawl 

do doh ut 

Doctor_of_Osteopathy DO 

String: problem
problem job 

problem 

trouble problem 

String: have
rich_person wealthy_person have 

String: error
mistake error fault 

erroneousness error 

error erroneous_belief 

error misplay 

error wrongdoing 

error computer_error 

error mistake 

String: i
iodine iodin I atomic_number_53 

one 1 I ace single unity 

I i 

String: think
think 

String: problem
problem job 

problem 

trouble problem 

String: have
rich_person wealthy_person have 

String: error
mistake error fault 

erroneousness error 

error erroneous_belief 

error misplay 

error wrongdoing 

error computer_error 

error mistake 

Utterance 22: "mic do all of the problems have errors "
Utterance 24: "i think all of the problems have errors "
Index 5 word "problems" matches with Index 5 word "problems"
Index 6 word "have" matches with Index 6 word "have"
Index 7 word "errors" matches with Index 7 word "errors"

String: let
Lashkar-e-Taiba Lashkar-e-Toiba Lashkar-e-Tayyiba LET Army_of_the_Pure Army_of_the_Righteous 

let net_ball 

String: switch
switch electric_switch electrical_switch 

substitution permutation transposition replacement switch 

switch 

switch 

switch 

switch 

switch switching shift 

String: first
first number_one 

first number_one number_1 

beginning commencement first outset get-go start kickoff starting_time showtime offset 

first_base first 

first first-class_honours_degree 

first_gear first low_gear low 

String: check
check bank_check cheque 

assay check 

check chit tab 

arrest check halt hitch stay stop stoppage 

confirmation verification check substantiation 

check checkout check-out_procedure 

check_mark check tick 

hindrance hinderance deterrent impediment balk baulk check handicap 

check chip 

check 

bridle check curb 

check 

check 

Utterance 148: "lets switch first to p09 haha "
Utterance 153: "check p09 "

